12/01/2023  08:59:23 PM:INFO:********************Add New Category Test Case Started************************
12/12/2023  02:27:05 AM:INFO:********************Add New Category Test Case Started************************
12/12/2023  02:27:19 AM:INFO:********************Add New Category Test Case Completed************************
12/12/2023  02:28:07 AM:INFO:********************Add New Category Test Case Started************************
12/12/2023  02:28:22 AM:INFO:********************Add New Category Test Case Completed************************
12/12/2023  11:37:56 AM:INFO:********************Add New Category Test Case Started************************
12/12/2023  11:05:11 PM:INFO:********************Add New Category Test Case Started************************
12/12/2023  11:09:19 PM:INFO:********************Add New Category Test Case Started************************
12/12/2023  11:10:26 PM:INFO:********************Add New Category Test Case Started************************
12/12/2023  11:11:19 PM:INFO:********************Add New Category Test Case Started************************
12/12/2023  11:12:34 PM:INFO:********************Add New Category Test Case Started************************
12/12/2023  11:13:26 PM:INFO:********************Add New Category Test Case Started************************
12/12/2023  11:13:48 PM:INFO:********************Add New Category Test Case Complete************************
12/12/2023  11:14:47 PM:INFO:********************Add New Category Test Case Started************************
12/12/2023  11:15:07 PM:INFO:********************Add New Category Test Case Complete************************
12/12/2023  11:15:42 PM:INFO:********************Add New Category Test Case Started************************
12/12/2023  11:16:24 PM:INFO:********************Add New Category Test Case Started************************
12/12/2023  11:16:49 PM:INFO:********************Add New Category Test Case Started************************
12/12/2023  11:17:09 PM:INFO:********************Add New Category Test Case Complete************************
12/12/2023  11:17:46 PM:INFO:********************Add New Category Test Case Started************************
12/12/2023  11:18:32 PM:INFO:********************Add New Category Test Case Started************************
12/12/2023  11:18:53 PM:INFO:********************Add New Category Test Case Complete************************
12/12/2023  11:37:25 PM:INFO:********************Add New Category Test Case Started************************
12/12/2023  11:39:51 PM:INFO:***************TC_001 Started*************************
12/12/2023  11:39:54 PM:INFO:***************TC_001 Completed*************************
12/12/2023  11:39:56 PM:INFO:***************TC_001 Started*************************
12/12/2023  11:40:08 PM:INFO:***************TC_001 Completed*************************
12/12/2023  11:47:46 PM:INFO:********************Add New Category Test Case Started************************
12/12/2023  11:48:04 PM:INFO:********************Add New Category Test Case Completed************************
12/12/2023  11:50:49 PM:INFO:********************Add New Category Test Case Started************************
12/12/2023  11:51:03 PM:INFO:********************Add New Category Test Case Completed************************
12/14/2023  10:54:32 AM:INFO:********************Add New Category Test Case Started************************
12/14/2023  10:54:47 AM:INFO:********************Add New Category Test Case Completed************************
12/14/2023  10:54:48 AM:INFO:********************Add New Category Test Case Started************************
12/14/2023  10:55:10 AM:INFO:********************Add New Category Test Case Complete************************
12/14/2023  10:55:32 AM:INFO:***************TC_001 Started*************************
12/14/2023  10:55:36 AM:INFO:***************TC_001 Completed*************************
12/14/2023  10:55:38 AM:INFO:***************TC_001 Started*************************
12/14/2023  10:55:50 AM:INFO:***************TC_001 Completed*************************
12/14/2023  11:04:15 AM:INFO:********************Add New Category Test Case Started************************
12/14/2023  11:04:29 AM:INFO:********************Add New Category Test Case Completed************************
12/14/2023  11:04:31 AM:INFO:********************Add New Category Test Case Started************************
12/14/2023  11:04:55 AM:INFO:********************Add New Category Test Case Complete************************
12/14/2023  11:05:18 AM:INFO:***************TC_001 Started*************************
12/14/2023  11:05:21 AM:INFO:***************TC_001 Completed*************************
12/14/2023  11:05:23 AM:INFO:***************TC_001 Started*************************
12/14/2023  11:05:37 AM:INFO:***************TC_001 Completed*************************
12/14/2023  11:07:42 AM:INFO:********************Add New Category Test Case Started************************
12/14/2023  11:07:45 AM:INFO:********************Add New Category Test Case Started************************
12/14/2023  11:07:51 AM:INFO:***************TC_001 Started*************************
12/14/2023  11:07:53 AM:INFO:***************TC_001 Started*************************
12/14/2023  11:12:14 AM:INFO:********************Add New Category Test Case Started************************
12/14/2023  11:12:17 AM:INFO:********************Add New Category Test Case Started************************
12/14/2023  11:12:35 AM:INFO:***************TC_001 Started*************************
12/14/2023  11:12:38 AM:INFO:***************TC_001 Started*************************
12/14/2023  11:12:51 AM:INFO:***************TC_001 Completed*************************
12/14/2023  11:15:43 AM:INFO:********************Add New Category Test Case Started************************
12/14/2023  11:15:46 AM:INFO:********************Add New Category Test Case Started************************
12/14/2023  11:15:52 AM:INFO:***************TC_001 Started*************************
12/14/2023  11:15:54 AM:INFO:***************TC_001 Completed*************************
12/14/2023  11:15:56 AM:INFO:***************TC_001 Started*************************
12/14/2023  11:16:36 AM:INFO:***************TC_001 Started*************************
12/14/2023  11:16:38 AM:INFO:***************TC_001 Completed*************************
12/14/2023  11:16:40 AM:INFO:***************TC_001 Started*************************
12/14/2023  11:16:52 AM:INFO:***************TC_001 Completed*************************
12/14/2023  11:16:53 AM:INFO:********************Add New Category Test Case Started************************
12/14/2023  11:17:14 AM:INFO:********************Add New Category Test Case Completed************************
12/14/2023  11:17:15 AM:INFO:********************Add New Category Test Case Started************************
12/14/2023  11:17:37 AM:INFO:********************Add New Category Test Case Complete************************
12/14/2023  11:20:24 AM:INFO:***************TC_001 Started*************************
12/14/2023  11:20:27 AM:INFO:***************TC_001 Completed*************************
12/14/2023  11:20:28 AM:INFO:***************TC_001 Started*************************
12/14/2023  11:20:40 AM:INFO:***************TC_001 Completed*************************
12/14/2023  11:20:42 AM:INFO:********************Add New Category Test Case Started************************
12/14/2023  11:20:57 AM:INFO:********************Add New Category Test Case Completed************************
12/14/2023  11:20:59 AM:INFO:********************Add New Category Test Case Started************************
12/14/2023  11:21:23 AM:INFO:********************Add New Category Test Case Complete************************
12/14/2023  11:32:07 AM:INFO:***************TC_001 Started*************************
12/14/2023  11:32:11 AM:INFO:***************TC_001 Completed*************************
12/14/2023  11:32:13 AM:INFO:***************TC_001 Started*************************
12/14/2023  11:32:26 AM:INFO:***************TC_001 Completed*************************
12/14/2023  11:32:28 AM:INFO:********************Add New Category Test Case Started************************
12/14/2023  11:32:45 AM:INFO:********************Add New Category Test Case Completed************************
12/14/2023  11:32:47 AM:INFO:********************Add New Category Test Case Started************************
12/14/2023  11:36:06 AM:INFO:***************TC_001 Started*************************
12/14/2023  11:36:07 AM:INFO:***************TC_001 Started*************************
12/14/2023  11:36:08 AM:INFO:********************Add New Category Test Case Started************************
12/14/2023  11:36:08 AM:INFO:********************Add New Category Test Case Started************************
12/14/2023  11:36:13 AM:INFO:***************TC_001 Completed*************************
12/14/2023  11:36:25 AM:INFO:***************TC_001 Completed*************************
12/14/2023  11:36:34 AM:INFO:********************Add New Category Test Case Complete************************
12/14/2023  11:41:16 AM:INFO:***************TC_001 Started*************************
12/14/2023  11:41:19 AM:INFO:***************TC_001 Completed*************************
12/14/2023  11:41:26 AM:INFO:***************TC_001 Started*************************
12/14/2023  11:41:39 AM:INFO:***************TC_001 Completed*************************
12/14/2023  11:41:46 AM:INFO:********************Add New Category Test Case Started************************
12/14/2023  11:42:01 AM:INFO:********************Add New Category Test Case Started************************
12/15/2023  11:47:05 AM:INFO:***************TC_001 Started*************************
12/15/2023  11:47:08 AM:INFO:***************TC_001 Completed*************************
12/15/2023  11:47:10 AM:INFO:***************TC_001 Started*************************
12/15/2023  11:47:22 AM:INFO:***************TC_001 Completed*************************
12/15/2023  11:47:24 AM:INFO:***************TC_001 Started*************************
12/15/2023  11:47:39 AM:INFO:***************TC_001 Completed*************************
12/15/2023  11:47:42 AM:INFO:***************TC_001 Started*************************
12/15/2023  11:47:55 AM:INFO:***************TC_001 Completed*************************
12/15/2023  11:50:04 AM:INFO:***************TC_001 Started*************************
12/15/2023  11:50:07 AM:INFO:***************TC_001 Completed*************************
12/15/2023  11:50:09 AM:INFO:***************TC_001 Started*************************
12/15/2023  11:50:22 AM:INFO:***************TC_001 Completed*************************
12/15/2023  11:50:24 AM:INFO:***************TC_001 Started*************************
12/15/2023  11:50:36 AM:INFO:***************TC_001 Completed*************************
12/15/2023  11:50:40 AM:INFO:***************TC_001 Started*************************
12/15/2023  11:50:52 AM:INFO:***************TC_001 Completed*************************
12/18/2023  04:23:51 PM:INFO:********************Add New Category Test Case Started************************
12/18/2023  04:24:13 PM:INFO:********************Add New Category Test Case Complete************************
12/18/2023  04:25:03 PM:INFO:********************Add New Category Test Case Started************************
12/18/2023  04:25:26 PM:INFO:********************Add New Category Test Case Complete************************
